<?xml version="1.0" encoding="UTF-8"?>
<!-- Generated by org.testng.reporters.JUnitReportReporter -->
<testsuite hostname="NODLTP52093562" failures="0" tests="1" name="ParameterTest" time="14.581" errors="0" timestamp="2021-04-13T11:26:10 IST" skipped="0">
  <testcase classname="ParameterTest" name="login" time="14.581"/>
  <system-out/>
</testsuite> <!-- ParameterTest -->
