<?xml version="1.0" encoding="UTF-8"?>
<!-- Generated by org.testng.reporters.JUnitReportReporter -->
<testsuite hostname="NODLTP52093562" failures="0" tests="1" name="testng" time="14.135" errors="0" timestamp="2021-04-21T13:29:12 IST" skipped="0">
  <testcase classname="testng" name="Login" time="14.135"/>
  <system-out/>
</testsuite> <!-- testng -->
